<?xml version="1.0" encoding="UTF-8"?>
<!-- Generated by org.testng.reporters.JUnitReportReporter -->
<testsuite hostname="LAPTOP-UVUL5OT0" failures="0" tests="1" name="com.saucedemp.tests.CheckoutWithValidCard" time="9.184" errors="0" timestamp="18 Jun 2024 08:23:51 GMT">
  <testcase classname="com.saucedemp.tests.CheckoutWithValidCard" name="test_checkout_with_single_item" time="9.184"/>
</testsuite> <!-- com.saucedemp.tests.CheckoutWithValidCard -->
